<?xml version="1.0" encoding="UTF-8"?>
<!-- Generated by org.testng.reporters.JUnitReportReporter -->
<testsuite skipped="0" hostname="Hazem" name="test.TestExecution" tests="14" failures="0" timestamp="28 مار 2019 11:58:03 GMT" time="75.499" errors="0">
  <testcase name="testSignIn" time="6.541" classname="test.TestExecution"/>
  <testcase name="testLoginUser" time="3.430" classname="test.TestExecution"/>
  <testcase name="testLoginPassword" time="7.876" classname="test.TestExecution"/>
  <testcase name="search" time="7.622" classname="test.TestExecution"/>
  <testcase name="clickOnTheSearchResultLink" time="7.203" classname="test.TestExecution"/>
  <testcase name="addOpenWishlist" time="0.061" classname="test.TestExecution"/>
  <testcase name="clickonWishListLink" time="0.030" classname="test.TestExecution"/>
  <testcase name="clickoninstallButton" time="0.030" classname="test.TestExecution"/>
  <testcase name="clickonPopupinstallButton" time="0.039" classname="test.TestExecution"/>
  <testcase name="clickOkButton" time="20.541" classname="test.TestExecution"/>
  <testcase name="clickWriteaReview" time="6.250" classname="test.TestExecution"/>
  <testcase name="writeaReviewText" time="4.153" classname="test.TestExecution"/>
  <testcase name="deleteWritenReview" time="3.114" classname="test.TestExecution"/>
  <testcase name="logOut" time="8.609" classname="test.TestExecution"/>
</testsuite> <!-- test.TestExecution -->
